#
# There is insufficient memory for the Java Runtime Environment to continue.
# Native memory allocation (malloc) failed to allocate 4804176 bytes for Chunk::new
# Possible reasons:
#   The system is out of physical RAM or swap space
#   The process is running with CompressedOops enabled, and the Java Heap may be blocking the growth of the native heap
# Possible solutions:
#   Reduce memory load on the system
#   Increase physical memory or swap space
#   Check if swap backing store is full
#   Decrease Java heap size (-Xmx/-Xms)
#   Decrease number of Java threads
#   Decrease Java thread stack sizes (-Xss)
#   Set larger code cache with -XX:ReservedCodeCacheSize=
#   JVM is running with Unscaled Compressed Oops mode in which the Java heap is
#     placed in the first 4GB address space. The Java Heap base address is the
#     maximum limit for the native heap growth. Please use -XX:HeapBaseMinAddress
#     to set the Java Heap base and to place the Java Heap above 4GB virtual address.
# This output file may be truncated or incomplete.
#
#  Out of Memory Error (./open/src/hotspot/share/memory/arena.cpp:197), pid=1208, tid=10592
#
# JRE version: Java(TM) SE Runtime Environment 18.9 (11.0.16+11) (build 11.0.16+11-LTS-199)
# Java VM: Java HotSpot(TM) 64-Bit Server VM 18.9 (11.0.16+11-LTS-199, mixed mode, tiered, compressed oops, g1 gc, windows-amd64)
# No core dump will be written. Minidumps are not enabled by default on client versions of Windows
#

---------------  S U M M A R Y ------------

Command Line: -agentlib:jdwp=transport=dt_socket,server=n,suspend=y,address=localhost:54785 -Dspring.jmx.enabled=true -Dmanagement.endpoints.jmx.exposure.include=* -Dspring.application.admin.enabled=true -Dspring.boot.project.name=swiftmessage -Djava.rmi.server.hostname=localhost com.swiftmessage.swiftmessage.SwiftmessageApplication

Host: Intel(R) Core(TM) i5-6500 CPU @ 3.20GHz, 4 cores, 3G,  Windows 10 , 64 bit Build 14393 (10.0.14393.0)
Time: Fri Mar 31 09:39:01 2023 E. Africa Standard Time elapsed time: 12.667166 seconds (0d 0h 0m 12s)

---------------  T H R E A D  ---------------

Current thread (0x000002372faf2000):  JavaThread "C2 CompilerThread1" daemon [_thread_in_native, id=10592, stack(0x0000007477400000,0x0000007477500000)]


Current CompileTask:
C2:  12667 7553       4       org.springframework.core.annotation.TypeMappedAnnotations::get (52 bytes)

Stack: [0x0000007477400000,0x0000007477500000]
Native frames: (J=compiled Java code, j=interpreted, Vv=VM code, C=native code)
V  [jvm.dll+0x62a3ea]
V  [jvm.dll+0x76418f]
V  [jvm.dll+0x765839]
V  [jvm.dll+0x765ec3]
V  [jvm.dll+0x23da98]
V  [jvm.dll+0xb2a1c]
V  [jvm.dll+0xb2fdc]
V  [jvm.dll+0x341487]
V  [jvm.dll+0x18cc31]
V  [jvm.dll+0x1f85b2]
V  [jvm.dll+0x1f768d]
V  [jvm.dll+0x177c81]
V  [jvm.dll+0x207006]
V  [jvm.dll+0x20519b]
V  [jvm.dll+0x729fa0]
V  [jvm.dll+0x722b74]
V  [jvm.dll+0x629286]
C  [ucrtbase.dll+0x1cab0]
C  [KERNEL32.DLL+0x8364]
C  [ntdll.dll+0x670d1]


---------------  P R O C E S S  ---------------

Threads class SMR info:
_java_thread_list=0x0000023737381230, length=31, elements={
0x000002371391d000, 0x000002372e984000, 0x000002372e98d000, 0x000002372e9f0800,
0x000002372e9f2000, 0x000002372e9a2000, 0x000002372e9a4800, 0x000002372e9a6000,
0x000002372e9aa000, 0x000002372f5d7800, 0x000002372f5db000, 0x000002372f5e0000,
0x000002372f5f8000, 0x0000023730f60800, 0x0000023730bd0000, 0x0000023730a48000,
0x00000237325e2800, 0x00000237309a5000, 0x00000237321a3800, 0x00000237323d3800,
0x00000237328aa800, 0x000002372faf2000, 0x0000023733b76000, 0x0000023733b73800,
0x0000023733b76800, 0x0000023733b7a000, 0x0000023733b77800, 0x0000023733b74000,
0x0000023733b75000, 0x0000023733b78000, 0x0000023733b79000
}

Java Threads: ( => current thread )
  0x000002371391d000 JavaThread "main" [_thread_blocked, id=9620, stack(0x0000007474b00000,0x0000007474c00000)]
  0x000002372e984000 JavaThread "Reference Handler" daemon [_thread_blocked, id=5884, stack(0x0000007475200000,0x0000007475300000)]
  0x000002372e98d000 JavaThread "Finalizer" daemon [_thread_blocked, id=6500, stack(0x0000007475300000,0x0000007475400000)]
  0x000002372e9f0800 JavaThread "Signal Dispatcher" daemon [_thread_blocked, id=7784, stack(0x0000007475400000,0x0000007475500000)]
  0x000002372e9f2000 JavaThread "Attach Listener" daemon [_thread_blocked, id=4172, stack(0x0000007475500000,0x0000007475600000)]
  0x000002372e9a2000 JavaThread "Service Thread" daemon [_thread_blocked, id=9360, stack(0x0000007475600000,0x0000007475700000)]
  0x000002372e9a4800 JavaThread "C2 CompilerThread0" daemon [_thread_in_native, id=4180, stack(0x0000007475700000,0x0000007475800000)]
  0x000002372e9a6000 JavaThread "C1 CompilerThread0" daemon [_thread_blocked, id=2120, stack(0x0000007475800000,0x0000007475900000)]
  0x000002372e9aa000 JavaThread "Sweeper thread" daemon [_thread_blocked, id=10856, stack(0x0000007475900000,0x0000007475a00000)]
  0x000002372f5d7800 JavaThread "JDWP Transport Listener: dt_socket" daemon [_thread_blocked, id=9364, stack(0x0000007475b00000,0x0000007475c00000)]
  0x000002372f5db000 JavaThread "JDWP Event Helper Thread" daemon [_thread_blocked, id=4716, stack(0x0000007475c00000,0x0000007475d00000)]
  0x000002372f5e0000 JavaThread "JDWP Command Reader" daemon [_thread_in_native, id=8296, stack(0x0000007475d00000,0x0000007475e00000)]
  0x000002372f5f8000 JavaThread "Common-Cleaner" daemon [_thread_blocked, id=5992, stack(0x0000007475f00000,0x0000007476000000)]
  0x0000023730f60800 JavaThread "RMI TCP Accept-0" daemon [_thread_in_native, id=10176, stack(0x0000007476800000,0x0000007476900000)]
  0x0000023730bd0000 JavaThread "Thread-0" [_thread_blocked, id=9184, stack(0x0000007476a00000,0x0000007476b00000)]
  0x0000023730a48000 JavaThread "restartedMain" [_thread_in_vm, id=3372, stack(0x0000007476b00000,0x0000007476c00000)]
  0x00000237325e2800 JavaThread "RMI TCP Connection(1)-127.0.0.1" daemon [_thread_in_native, id=10152, stack(0x0000007476e00000,0x0000007476f00000)]
  0x00000237309a5000 JavaThread "RMI Scheduler(0)" daemon [_thread_blocked, id=4196, stack(0x0000007476f00000,0x0000007477000000)]
  0x00000237321a3800 JavaThread "JMX server connection timeout 22" daemon [_thread_blocked, id=7468, stack(0x0000007477000000,0x0000007477100000)]
  0x00000237323d3800 JavaThread "RMI TCP Connection(3)-127.0.0.1" daemon [_thread_in_native, id=2156, stack(0x0000007477100000,0x0000007477200000)]
  0x00000237328aa800 JavaThread "RMI TCP Connection(2)-127.0.0.1" daemon [_thread_in_native, id=11616, stack(0x0000007477200000,0x0000007477300000)]
=>0x000002372faf2000 JavaThread "C2 CompilerThread1" daemon [_thread_in_native, id=10592, stack(0x0000007477400000,0x0000007477500000)]
  0x0000023733b76000 JavaThread "Keep-Alive-Timer" daemon [_thread_blocked, id=3544, stack(0x0000007477700000,0x0000007477800000)]
  0x0000023733b73800 JavaThread "oracle.jdbc.driver.BlockSource.ThreadedCachingBlockSource.BlockReleaser" daemon [_thread_blocked, id=3376, stack(0x0000007477800000,0x0000007477900000)]
  0x0000023733b76800 JavaThread "InterruptTimer" daemon [_thread_blocked, id=4036, stack(0x0000007477900000,0x0000007477a00000)]
  0x0000023733b7a000 JavaThread "OJDBC-WORKER-THREAD-1" daemon [_thread_blocked, id=9548, stack(0x0000007477a00000,0x0000007477b00000)]
  0x0000023733b77800 JavaThread "HikariPool-1 housekeeper" daemon [_thread_blocked, id=1600, stack(0x0000007477c00000,0x0000007477d00000)]
  0x0000023733b74000 JavaThread "HikariPool-1 connection adder" daemon [_thread_blocked, id=10372, stack(0x0000007477d00000,0x0000007477e00000)]
  0x0000023733b75000 JavaThread "Catalina-utility-1" [_thread_blocked, id=11904, stack(0x0000007477f00000,0x0000007478000000)]
  0x0000023733b78000 JavaThread "Catalina-utility-2" [_thread_blocked, id=1992, stack(0x0000007478000000,0x0000007478100000)]
  0x0000023733b79000 JavaThread "container-0" [_thread_blocked, id=10816, stack(0x0000007478100000,0x0000007478200000)]

Other Threads:
  0x000002372e95c800 VMThread "VM Thread" [stack: 0x0000007475100000,0x0000007475200000] [id=3472]
  0x000002372f5f0800 WatcherThread [stack: 0x0000007475e00000,0x0000007475f00000] [id=5764]
  0x0000023713932800 GCTaskThread "GC Thread#0" [stack: 0x0000007474c00000,0x0000007474d00000] [id=5392]
  0x000002372ff20000 GCTaskThread "GC Thread#1" [stack: 0x0000007476000000,0x0000007476100000] [id=10076]
  0x0000023730cb2000 GCTaskThread "GC Thread#2" [stack: 0x0000007476c00000,0x0000007476d00000] [id=11092]
  0x0000023730f6f800 GCTaskThread "GC Thread#3" [stack: 0x0000007476d00000,0x0000007476e00000] [id=11220]
  0x000002371394e800 ConcurrentGCThread "G1 Main Marker" [stack: 0x0000007474d00000,0x0000007474e00000] [id=8868]
  0x0000023713950000 ConcurrentGCThread "G1 Conc#0" [stack: 0x0000007474e00000,0x0000007474f00000] [id=5832]
  0x00000237139a1000 ConcurrentGCThread "G1 Refine#0" [stack: 0x0000007474f00000,0x0000007475000000] [id=8708]
  0x0000023734143000 ConcurrentGCThread "G1 Refine#1" [stack: 0x0000007477600000,0x0000007477700000] [id=2384]
  0x00000237139a2000 ConcurrentGCThread "G1 Young RemSet Sampling" [stack: 0x0000007475000000,0x0000007475100000] [id=3484]

Threads with active compile tasks:
C2 CompilerThread0    12781 7925       4       org.springframework.beans.factory.support.AbstractBeanFactory::isFactoryBean (60 bytes)
C2 CompilerThread1    12781 7553       4       org.springframework.core.annotation.TypeMappedAnnotations::get (52 bytes)

VM state:not at safepoint (normal execution)

VM Mutex/Monitor currently owned by a thread: None

Heap address: 0x00000000c1c00000, size: 996 MB, Compressed Oops mode: 32-bit
Narrow klass base: 0x0000000000000000, Narrow klass shift: 3
Compressed class space size: 1073741824 Address: 0x0000000100000000

Heap:
 garbage-first heap   total 138240K, used 72431K [0x00000000c1c00000, 0x0000000100000000)
  region size 1024K, 22 young (22528K), 1 survivors (1024K)
 Metaspace       used 91685K, capacity 93992K, committed 94164K, reserved 1130496K
  class space    used 11862K, capacity 12754K, committed 12876K, reserved 1048576K
Heap Regions: E=young(eden), S=young(survivor), O=old, HS=humongous(starts), HC=humongous(continues), CS=collection set, F=free, A=archive, TAMS=top-at-mark-start (previous, next)
|   0|0x00000000c1c00000, 0x00000000c1d00000, 0x00000000c1d00000|100%|HS|  |TAMS 0x00000000c1d00000, 0x00000000c1c00000| Complete 
|   1|0x00000000c1d00000, 0x00000000c1e00000, 0x00000000c1e00000|100%| O|  |TAMS 0x00000000c1e00000, 0x00000000c1d00000| Untracked 
|   2|0x00000000c1e00000, 0x00000000c1f00000, 0x00000000c1f00000|100%| O|  |TAMS 0x00000000c1f00000, 0x00000000c1e00000| Untracked 
|   3|0x00000000c1f00000, 0x00000000c2000000, 0x00000000c2000000|100%| O|  |TAMS 0x00000000c2000000, 0x00000000c1f00000| Untracked 
|   4|0x00000000c2000000, 0x00000000c2100000, 0x00000000c2100000|100%| O|  |TAMS 0x00000000c2100000, 0x00000000c2000000| Untracked 
|   5|0x00000000c2100000, 0x00000000c2200000, 0x00000000c2200000|100%| O|  |TAMS 0x00000000c2200000, 0x00000000c2100000| Untracked 
|   6|0x00000000c2200000, 0x00000000c2300000, 0x00000000c2300000|100%| O|  |TAMS 0x00000000c2300000, 0x00000000c2200000| Untracked 
|   7|0x00000000c2300000, 0x00000000c2400000, 0x00000000c2400000|100%| O|  |TAMS 0x00000000c2400000, 0x00000000c2300000| Untracked 
|   8|0x00000000c2400000, 0x00000000c2500000, 0x00000000c2500000|100%|HS|  |TAMS 0x00000000c2500000, 0x00000000c2400000| Complete 
|   9|0x00000000c2500000, 0x00000000c2600000, 0x00000000c2600000|100%|HC|  |TAMS 0x00000000c2600000, 0x00000000c2500000| Complete 
|  10|0x00000000c2600000, 0x00000000c2700000, 0x00000000c2700000|100%|HC|  |TAMS 0x00000000c2700000, 0x00000000c2600000| Complete 
|  11|0x00000000c2700000, 0x00000000c2800000, 0x00000000c2800000|100%| O|  |TAMS 0x00000000c2800000, 0x00000000c2700000| Untracked 
|  12|0x00000000c2800000, 0x00000000c2900000, 0x00000000c2900000|100%| O|  |TAMS 0x00000000c2900000, 0x00000000c2800000| Untracked 
|  13|0x00000000c2900000, 0x00000000c2a00000, 0x00000000c2a00000|100%| O|  |TAMS 0x00000000c2a00000, 0x00000000c2900000| Untracked 
|  14|0x00000000c2a00000, 0x00000000c2b00000, 0x00000000c2b00000|100%| O|  |TAMS 0x00000000c2b00000, 0x00000000c2a00000| Untracked 
|  15|0x00000000c2b00000, 0x00000000c2c00000, 0x00000000c2c00000|100%| O|  |TAMS 0x00000000c2c00000, 0x00000000c2b00000| Untracked 
|  16|0x00000000c2c00000, 0x00000000c2d00000, 0x00000000c2d00000|100%| O|  |TAMS 0x00000000c2d00000, 0x00000000c2c00000| Untracked 
|  17|0x00000000c2d00000, 0x00000000c2e00000, 0x00000000c2e00000|100%| O|  |TAMS 0x00000000c2e00000, 0x00000000c2d00000| Untracked 
|  18|0x00000000c2e00000, 0x00000000c2f00000, 0x00000000c2f00000|100%| O|  |TAMS 0x00000000c2f00000, 0x00000000c2e00000| Untracked 
|  19|0x00000000c2f00000, 0x00000000c3000000, 0x00000000c3000000|100%| O|  |TAMS 0x00000000c3000000, 0x00000000c2f00000| Untracked 
|  20|0x00000000c3000000, 0x00000000c3100000, 0x00000000c3100000|100%| O|  |TAMS 0x00000000c3100000, 0x00000000c3000000| Untracked 
|  21|0x00000000c3100000, 0x00000000c3200000, 0x00000000c3200000|100%| O|  |TAMS 0x00000000c3200000, 0x00000000c3100000| Untracked 
|  22|0x00000000c3200000, 0x00000000c3300000, 0x00000000c3300000|100%| O|  |TAMS 0x00000000c3300000, 0x00000000c3200000| Untracked 
|  23|0x00000000c3300000, 0x00000000c3300000, 0x00000000c3400000|  0%| F|  |TAMS 0x00000000c3300000, 0x00000000c3300000| Untracked 
|  24|0x00000000c3400000, 0x00000000c3500000, 0x00000000c3500000|100%| O|  |TAMS 0x00000000c3500000, 0x00000000c3400000| Untracked 
|  25|0x00000000c3500000, 0x00000000c3600000, 0x00000000c3600000|100%| O|  |TAMS 0x00000000c3600000, 0x00000000c3500000| Untracked 
|  26|0x00000000c3600000, 0x00000000c3700000, 0x00000000c3700000|100%| O|  |TAMS 0x00000000c3700000, 0x00000000c3600000| Untracked 
|  27|0x00000000c3700000, 0x00000000c3800000, 0x00000000c3800000|100%| O|  |TAMS 0x00000000c3800000, 0x00000000c3700000| Untracked 
|  28|0x00000000c3800000, 0x00000000c3900000, 0x00000000c3900000|100%| O|  |TAMS 0x00000000c3900000, 0x00000000c3800000| Untracked 
|  29|0x00000000c3900000, 0x00000000c3a00000, 0x00000000c3a00000|100%| O|  |TAMS 0x00000000c3a00000, 0x00000000c3900000| Untracked 
|  30|0x00000000c3a00000, 0x00000000c3b00000, 0x00000000c3b00000|100%| O|  |TAMS 0x00000000c3b00000, 0x00000000c3a00000| Untracked 
|  31|0x00000000c3b00000, 0x00000000c3c00000, 0x00000000c3c00000|100%| O|  |TAMS 0x00000000c3c00000, 0x00000000c3b00000| Untracked 
|  32|0x00000000c3c00000, 0x00000000c3d00000, 0x00000000c3d00000|100%| O|  |TAMS 0x00000000c3d00000, 0x00000000c3c00000| Untracked 
|  33|0x00000000c3d00000, 0x00000000c3e00000, 0x00000000c3e00000|100%| O|  |TAMS 0x00000000c3e00000, 0x00000000c3d00000| Untracked 
|  34|0x00000000c3e00000, 0x00000000c3f00000, 0x00000000c3f00000|100%| O|  |TAMS 0x00000000c3f00000, 0x00000000c3e00000| Untracked 
|  35|0x00000000c3f00000, 0x00000000c4000000, 0x00000000c4000000|100%| O|  |TAMS 0x00000000c4000000, 0x00000000c3f00000| Untracked 
|  36|0x00000000c4000000, 0x00000000c4100000, 0x00000000c4100000|100%| O|  |TAMS 0x00000000c4100000, 0x00000000c4000000| Untracked 
|  37|0x00000000c4100000, 0x00000000c4200000, 0x00000000c4200000|100%| O|  |TAMS 0x00000000c4200000, 0x00000000c4100000| Untracked 
|  38|0x00000000c4200000, 0x00000000c4300000, 0x00000000c4300000|100%| O|  |TAMS 0x00000000c4300000, 0x00000000c4200000| Untracked 
|  39|0x00000000c4300000, 0x00000000c4300000, 0x00000000c4400000|  0%| F|  |TAMS 0x00000000c4300000, 0x00000000c4300000| Untracked 
|  40|0x00000000c4400000, 0x00000000c4400000, 0x00000000c4500000|  0%| F|  |TAMS 0x00000000c4400000, 0x00000000c4400000| Untracked 
|  41|0x00000000c4500000, 0x00000000c4500000, 0x00000000c4600000|  0%| F|  |TAMS 0x00000000c4500000, 0x00000000c4500000| Untracked 
|  42|0x00000000c4600000, 0x00000000c4700000, 0x00000000c4700000|100%| O|  |TAMS 0x00000000c4700000, 0x00000000c4600000| Untracked 
|  43|0x00000000c4700000, 0x00000000c4700000, 0x00000000c4800000|  0%| F|  |TAMS 0x00000000c4700000, 0x00000000c4700000| Untracked 
|  44|0x00000000c4800000, 0x00000000c4800000, 0x00000000c4900000|  0%| F|  |TAMS 0x00000000c4800000, 0x00000000c4800000| Untracked 
|  45|0x00000000c4900000, 0x00000000c4a00000, 0x00000000c4a00000|100%| O|  |TAMS 0x00000000c4a00000, 0x00000000c4900000| Untracked 
|  46|0x00000000c4a00000, 0x00000000c4b00000, 0x00000000c4b00000|100%| O|  |TAMS 0x00000000c4b00000, 0x00000000c4a00000| Untracked 
|  47|0x00000000c4b00000, 0x00000000c4c00000, 0x00000000c4c00000|100%| O|  |TAMS 0x00000000c4c00000, 0x00000000c4b00000| Untracked 
|  48|0x00000000c4c00000, 0x00000000c4c00000, 0x00000000c4d00000|  0%| F|  |TAMS 0x00000000c4c00000, 0x00000000c4c00000| Untracked 
|  49|0x00000000c4d00000, 0x00000000c4e00000, 0x00000000c4e00000|100%| O|  |TAMS 0x00000000c4e00000, 0x00000000c4d00000| Untracked 
|  50|0x00000000c4e00000, 0x00000000c4f00000, 0x00000000c4f00000|100%| O|  |TAMS 0x00000000c4f00000, 0x00000000c4e00000| Untracked 
|  51|0x00000000c4f00000, 0x00000000c5000000, 0x00000000c5000000|100%| O|  |TAMS 0x00000000c5000000, 0x00000000c4f00000| Untracked 
|  52|0x00000000c5000000, 0x00000000c5100000, 0x00000000c5100000|100%| O|  |TAMS 0x00000000c50e8000, 0x00000000c5000000| Untracked 
|  53|0x00000000c5100000, 0x00000000c5100000, 0x00000000c5200000|  0%| F|  |TAMS 0x00000000c5100000, 0x00000000c5100000| Untracked 
|  54|0x00000000c5200000, 0x00000000c5200000, 0x00000000c5300000|  0%| F|  |TAMS 0x00000000c5200000, 0x00000000c5200000| Untracked 
|  55|0x00000000c5300000, 0x00000000c5400000, 0x00000000c5400000|100%| O|  |TAMS 0x00000000c5400000, 0x00000000c5300000| Untracked 
|  56|0x00000000c5400000, 0x00000000c5500000, 0x00000000c5500000|100%| O|  |TAMS 0x00000000c5400000, 0x00000000c5400000| Untracked 
|  57|0x00000000c5500000, 0x00000000c5600000, 0x00000000c5600000|100%| O|  |TAMS 0x00000000c5500000, 0x00000000c5500000| Untracked 
|  58|0x00000000c5600000, 0x00000000c5700000, 0x00000000c5700000|100%| O|  |TAMS 0x00000000c5600000, 0x00000000c5600000| Untracked 
|  59|0x00000000c5700000, 0x00000000c5760a00, 0x00000000c5800000| 37%| O|  |TAMS 0x00000000c5700000, 0x00000000c5700000| Untracked 
|  60|0x00000000c5800000, 0x00000000c5800000, 0x00000000c5900000|  0%| F|  |TAMS 0x00000000c5800000, 0x00000000c5800000| Untracked 
|  61|0x00000000c5900000, 0x00000000c5900000, 0x00000000c5a00000|  0%| F|  |TAMS 0x00000000c5900000, 0x00000000c5900000| Untracked 
|  62|0x00000000c5a00000, 0x00000000c5a00000, 0x00000000c5b00000|  0%| F|  |TAMS 0x00000000c5a00000, 0x00000000c5a00000| Untracked 
|  63|0x00000000c5b00000, 0x00000000c5b00000, 0x00000000c5c00000|  0%| F|  |TAMS 0x00000000c5b00000, 0x00000000c5b00000| Untracked 
|  64|0x00000000c5c00000, 0x00000000c5c00000, 0x00000000c5d00000|  0%| F|  |TAMS 0x00000000c5c00000, 0x00000000c5c00000| Untracked 
|  65|0x00000000c5d00000, 0x00000000c5d00000, 0x00000000c5e00000|  0%| F|  |TAMS 0x00000000c5d00000, 0x00000000c5d00000| Untracked 
|  66|0x00000000c5e00000, 0x00000000c5e00000, 0x00000000c5f00000|  0%| F|  |TAMS 0x00000000c5e00000, 0x00000000c5e00000| Untracked 
|  67|0x00000000c5f00000, 0x00000000c5f00000, 0x00000000c6000000|  0%| F|  |TAMS 0x00000000c5f00000, 0x00000000c5f00000| Untracked 
|  68|0x00000000c6000000, 0x00000000c6000000, 0x00000000c6100000|  0%| F|  |TAMS 0x00000000c6000000, 0x00000000c6000000| Untracked 
|  69|0x00000000c6100000, 0x00000000c6100000, 0x00000000c6200000|  0%| F|  |TAMS 0x00000000c6100000, 0x00000000c6100000| Untracked 
|  70|0x00000000c6200000, 0x00000000c6200000, 0x00000000c6300000|  0%| F|  |TAMS 0x00000000c6200000, 0x00000000c6200000| Untracked 
|  71|0x00000000c6300000, 0x00000000c6300000, 0x00000000c6400000|  0%| F|  |TAMS 0x00000000c6300000, 0x00000000c6300000| Untracked 
|  72|0x00000000c6400000, 0x00000000c6400000, 0x00000000c6500000|  0%| F|  |TAMS 0x00000000c6400000, 0x00000000c6400000| Untracked 
|  73|0x00000000c6500000, 0x00000000c6500000, 0x00000000c6600000|  0%| F|  |TAMS 0x00000000c6500000, 0x00000000c6500000| Untracked 
|  74|0x00000000c6600000, 0x00000000c6600000, 0x00000000c6700000|  0%| F|  |TAMS 0x00000000c6600000, 0x00000000c6600000| Untracked 
|  75|0x00000000c6700000, 0x00000000c6700000, 0x00000000c6800000|  0%| F|  |TAMS 0x00000000c6700000, 0x00000000c6700000| Untracked 
|  76|0x00000000c6800000, 0x00000000c6800000, 0x00000000c6900000|  0%| F|  |TAMS 0x00000000c6800000, 0x00000000c6800000| Untracked 
|  77|0x00000000c6900000, 0x00000000c6900000, 0x00000000c6a00000|  0%| F|  |TAMS 0x00000000c6900000, 0x00000000c6900000| Untracked 
|  78|0x00000000c6a00000, 0x00000000c6a00000, 0x00000000c6b00000|  0%| F|  |TAMS 0x00000000c6a00000, 0x00000000c6a00000| Untracked 
|  79|0x00000000c6b00000, 0x00000000c6b00000, 0x00000000c6c00000|  0%| F|  |TAMS 0x00000000c6b00000, 0x00000000c6b00000| Untracked 
|  80|0x00000000c6c00000, 0x00000000c6c00000, 0x00000000c6d00000|  0%| F|  |TAMS 0x00000000c6c00000, 0x00000000c6c00000| Untracked 
|  81|0x00000000c6d00000, 0x00000000c6d00000, 0x00000000c6e00000|  0%| F|  |TAMS 0x00000000c6d00000, 0x00000000c6d00000| Untracked 
|  82|0x00000000c6e00000, 0x00000000c6e00000, 0x00000000c6f00000|  0%| F|  |TAMS 0x00000000c6e00000, 0x00000000c6e00000| Untracked 
|  83|0x00000000c6f00000, 0x00000000c6f00000, 0x00000000c7000000|  0%| F|  |TAMS 0x00000000c6f00000, 0x00000000c6f00000| Untracked 
|  84|0x00000000c7000000, 0x00000000c7000000, 0x00000000c7100000|  0%| F|  |TAMS 0x00000000c7000000, 0x00000000c7000000| Untracked 
|  85|0x00000000c7100000, 0x00000000c7100000, 0x00000000c7200000|  0%| F|  |TAMS 0x00000000c7100000, 0x00000000c7100000| Untracked 
|  86|0x00000000c7200000, 0x00000000c7200000, 0x00000000c7300000|  0%| F|  |TAMS 0x00000000c7200000, 0x00000000c7200000| Untracked 
|  87|0x00000000c7300000, 0x00000000c7300000, 0x00000000c7400000|  0%| F|  |TAMS 0x00000000c7300000, 0x00000000c7300000| Untracked 
|  88|0x00000000c7400000, 0x00000000c7400000, 0x00000000c7500000|  0%| F|  |TAMS 0x00000000c7400000, 0x00000000c7400000| Untracked 
|  89|0x00000000c7500000, 0x00000000c7500000, 0x00000000c7600000|  0%| F|  |TAMS 0x00000000c7500000, 0x00000000c7500000| Untracked 
|  90|0x00000000c7600000, 0x00000000c7600000, 0x00000000c7700000|  0%| F|  |TAMS 0x00000000c7600000, 0x00000000c7600000| Untracked 
|  91|0x00000000c7700000, 0x00000000c7700000, 0x00000000c7800000|  0%| F|  |TAMS 0x00000000c7700000, 0x00000000c7700000| Untracked 
|  92|0x00000000c7800000, 0x00000000c7800000, 0x00000000c7900000|  0%| F|  |TAMS 0x00000000c7800000, 0x00000000c7800000| Untracked 
|  93|0x00000000c7900000, 0x00000000c7900000, 0x00000000c7a00000|  0%| F|  |TAMS 0x00000000c7900000, 0x00000000c7900000| Untracked 
|  94|0x00000000c7a00000, 0x00000000c7a00000, 0x00000000c7b00000|  0%| F|  |TAMS 0x00000000c7a00000, 0x00000000c7a00000| Untracked 
|  95|0x00000000c7b00000, 0x00000000c7b00000, 0x00000000c7c00000|  0%| F|  |TAMS 0x00000000c7b00000, 0x00000000c7b00000| Untracked 
|  96|0x00000000c7c00000, 0x00000000c7c00000, 0x00000000c7d00000|  0%| F|  |TAMS 0x00000000c7c00000, 0x00000000c7c00000| Untracked 
|  97|0x00000000c7d00000, 0x00000000c7d00000, 0x00000000c7e00000|  0%| F|  |TAMS 0x00000000c7d00000, 0x00000000c7d00000| Untracked 
|  98|0x00000000c7e00000, 0x00000000c7e00000, 0x00000000c7f00000|  0%| F|  |TAMS 0x00000000c7e00000, 0x00000000c7e00000| Untracked 
|  99|0x00000000c7f00000, 0x00000000c7f00000, 0x00000000c8000000|  0%| F|  |TAMS 0x00000000c7f00000, 0x00000000c7f00000| Untracked 
| 100|0x00000000c8000000, 0x00000000c8000000, 0x00000000c8100000|  0%| F|  |TAMS 0x00000000c8000000, 0x00000000c8000000| Untracked 
| 101|0x00000000c8100000, 0x00000000c8100000, 0x00000000c8200000|  0%| F|  |TAMS 0x00000000c8100000, 0x00000000c8100000| Untracked 
| 102|0x00000000c8200000, 0x00000000c8200000, 0x00000000c8300000|  0%| F|  |TAMS 0x00000000c8200000, 0x00000000c8200000| Untracked 
| 103|0x00000000c8300000, 0x00000000c8300000, 0x00000000c8400000|  0%| F|  |TAMS 0x00000000c8300000, 0x00000000c8300000| Untracked 
| 104|0x00000000c8400000, 0x00000000c8400000, 0x00000000c8500000|  0%| F|  |TAMS 0x00000000c8400000, 0x00000000c8400000| Untracked 
| 105|0x00000000c8500000, 0x00000000c8500000, 0x00000000c8600000|  0%| F|  |TAMS 0x00000000c8500000, 0x00000000c8500000| Untracked 
| 106|0x00000000c8600000, 0x00000000c8600000, 0x00000000c8700000|  0%| F|  |TAMS 0x00000000c8600000, 0x00000000c8600000| Untracked 
| 107|0x00000000c8700000, 0x00000000c8700000, 0x00000000c8800000|  0%| F|  |TAMS 0x00000000c8700000, 0x00000000c8700000| Untracked 
| 108|0x00000000c8800000, 0x00000000c8800000, 0x00000000c8900000|  0%| F|  |TAMS 0x00000000c8800000, 0x00000000c8800000| Untracked 
| 109|0x00000000c8900000, 0x00000000c8900000, 0x00000000c8a00000|  0%| F|  |TAMS 0x00000000c8900000, 0x00000000c8900000| Untracked 
| 110|0x00000000c8a00000, 0x00000000c8a00000, 0x00000000c8b00000|  0%| F|  |TAMS 0x00000000c8a00000, 0x00000000c8a00000| Untracked 
| 111|0x00000000c8b00000, 0x00000000c8b00000, 0x00000000c8c00000|  0%| F|  |TAMS 0x00000000c8b00000, 0x00000000c8b00000| Untracked 
| 112|0x00000000c8c00000, 0x00000000c8c80800, 0x00000000c8d00000| 50%| E|  |TAMS 0x00000000c8c00000, 0x00000000c8c00000| Complete 
| 113|0x00000000c8d00000, 0x00000000c8e00000, 0x00000000c8e00000|100%| E|CS|TAMS 0x00000000c8d00000, 0x00000000c8d00000| Complete 
| 114|0x00000000c8e00000, 0x00000000c8f00000, 0x00000000c8f00000|100%| E|CS|TAMS 0x00000000c8e00000, 0x00000000c8e00000| Complete 
| 115|0x00000000c8f00000, 0x00000000c9000000, 0x00000000c9000000|100%| E|CS|TAMS 0x00000000c8f00000, 0x00000000c8f00000| Complete 
| 116|0x00000000c9000000, 0x00000000c9100000, 0x00000000c9100000|100%| E|CS|TAMS 0x00000000c9000000, 0x00000000c9000000| Complete 
| 117|0x00000000c9100000, 0x00000000c9200000, 0x00000000c9200000|100%| E|CS|TAMS 0x00000000c9100000, 0x00000000c9100000| Complete 
| 118|0x00000000c9200000, 0x00000000c9300000, 0x00000000c9300000|100%| E|CS|TAMS 0x00000000c9200000, 0x00000000c9200000| Complete 
| 119|0x00000000c9300000, 0x00000000c9400000, 0x00000000c9400000|100%| E|CS|TAMS 0x00000000c9300000, 0x00000000c9300000| Complete 
| 120|0x00000000c9400000, 0x00000000c9500000, 0x00000000c9500000|100%| E|CS|TAMS 0x00000000c9400000, 0x00000000c9400000| Complete 
| 121|0x00000000c9500000, 0x00000000c9600000, 0x00000000c9600000|100%| E|CS|TAMS 0x00000000c9500000, 0x00000000c9500000| Complete 
| 122|0x00000000c9600000, 0x00000000c9700000, 0x00000000c9700000|100%| E|CS|TAMS 0x00000000c9600000, 0x00000000c9600000| Complete 
| 123|0x00000000c9700000, 0x00000000c9800000, 0x00000000c9800000|100%| E|CS|TAMS 0x00000000c9700000, 0x00000000c9700000| Complete 
| 124|0x00000000c9800000, 0x00000000c9900000, 0x00000000c9900000|100%| E|CS|TAMS 0x00000000c9800000, 0x00000000c9800000| Complete 
| 125|0x00000000c9900000, 0x00000000c9a00000, 0x00000000c9a00000|100%| E|CS|TAMS 0x00000000c9900000, 0x00000000c9900000| Complete 
| 126|0x00000000c9a00000, 0x00000000c9b00000, 0x00000000c9b00000|100%| E|CS|TAMS 0x00000000c9a00000, 0x00000000c9a00000| Complete 
| 127|0x00000000c9b00000, 0x00000000c9c00000, 0x00000000c9c00000|100%| E|CS|TAMS 0x00000000c9b00000, 0x00000000c9b00000| Complete 
| 128|0x00000000c9c00000, 0x00000000c9d00000, 0x00000000c9d00000|100%| E|CS|TAMS 0x00000000c9c00000, 0x00000000c9c00000| Complete 
| 129|0x00000000c9d00000, 0x00000000c9e00000, 0x00000000c9e00000|100%| E|CS|TAMS 0x00000000c9d00000, 0x00000000c9d00000| Complete 
| 130|0x00000000c9e00000, 0x00000000c9f00000, 0x00000000c9f00000|100%| E|CS|TAMS 0x00000000c9e00000, 0x00000000c9e00000| Complete 
| 131|0x00000000c9f00000, 0x00000000c9f5b2d8, 0x00000000ca000000| 35%| S|CS|TAMS 0x00000000c9f00000, 0x00000000c9f00000| Complete 
| 132|0x00000000ca000000, 0x00000000ca100000, 0x00000000ca100000|100%| E|CS|TAMS 0x00000000ca000000, 0x00000000ca000000| Complete 
| 133|0x00000000ca100000, 0x00000000ca200000, 0x00000000ca200000|100%| E|CS|TAMS 0x00000000ca100000, 0x00000000ca100000| Complete 
| 134|0x00000000ca200000, 0x00000000ca300000, 0x00000000ca300000|100%| E|CS|TAMS 0x00000000ca200000, 0x00000000ca200000| Complete 

Card table byte_map: [0x000002372a1b0000,0x000002372a3b0000] _byte_map_base: 0x0000023729ba2000

Marking Bits (Prev, Next): (CMBitMap*) 0x0000023713949cf0, (CMBitMap*) 0x0000023713949cb8
 Prev Bits: [0x000002372b540000, 0x000002372c4d0000)
 Next Bits: [0x000002372a5b0000, 0x000002372b540000)

Polling page: 0x0000023711800000

Metaspace:

Usage:
  Non-class:     79.40 MB capacity,    77.98 MB ( 98%) used,     1.14 MB (  1%) free+waste,   287.00 KB ( <1%) overhead. 
      Class:     12.46 MB capacity,    11.59 MB ( 93%) used,   752.51 KB (  6%) free+waste,   134.69 KB (  1%) overhead. 
       Both:     91.85 MB capacity,    89.56 MB ( 98%) used,     1.88 MB (  2%) free+waste,   421.69 KB ( <1%) overhead. 

Virtual space:
  Non-class space:       80.00 MB reserved,      79.63 MB (>99%) committed 
      Class space:        1.00 GB reserved,      12.57 MB (  1%) committed 
             Both:        1.08 GB reserved,      92.21 MB (  8%) committed 

Chunk freelists:
   Non-Class:  6.25 KB
       Class:  1.75 KB
        Both:  8.00 KB

CodeHeap 'non-profiled nmethods': size=120064Kb used=5977Kb max_used=5977Kb free=114086Kb
 bounds [0x0000023722a70000, 0x0000023723050000, 0x0000023729fb0000]
CodeHeap 'profiled nmethods': size=120000Kb used=18311Kb max_used=18311Kb free=101688Kb
 bounds [0x000002371b540000, 0x000002371c730000, 0x0000023722a70000]
CodeHeap 'non-nmethods': size=5696Kb used=1372Kb max_used=1436Kb free=4323Kb
 bounds [0x000002371afb0000, 0x000002371b220000, 0x000002371b540000]
 total_blobs=8455 nmethods=7770 adapters=603
 compilation: enabled
              stopped_count=0, restarted_count=0
 full_count=0

Compilation events (10 events):
Event: 12.644 Thread 0x000002372e9a6000 7907       3       org.springframework.data.repository.core.support.RepositoryComposition$RepositoryFragments::findMethod (83 bytes)
Event: 12.645 Thread 0x000002372e9a6000 nmethod 7907 0x000002371c710d90 code [0x000002371c711060, 0x000002371c712158]
Event: 12.645 Thread 0x000002372e9a6000 7908       2       org.springframework.core.metrics.DefaultApplicationStartup::start (6 bytes)
Event: 12.645 Thread 0x000002372e9a6000 nmethod 7908 0x000002371c712710 code [0x000002371c7128a0, 0x000002371c712998]
Event: 12.645 Thread 0x000002372e9a6000 7906       2       org.springframework.data.jpa.repository.support.CrudMethodMetadataPostProcessor$CrudMethodMetadataPopulatingMethodInterceptor::lambda$new$0 (16 bytes)
Event: 12.645 Thread 0x000002372e9a6000 nmethod 7906 0x000002371c712a10 code [0x000002371c712ba0, 0x000002371c712cc8]
Event: 12.645 Thread 0x000002372e9a6000 7909   !   2       java.util.AbstractMap::equals (145 bytes)
Event: 12.645 Thread 0x000002372e9a6000 nmethod 7909 0x000002371c712d90 code [0x000002371c712fe0, 0x000002371c713558]
Event: 12.659 Thread 0x000002372e9a6000 7910       2       jdk.internal.reflect.AccessorGenerator::emitMethod (275 bytes)
Event: 12.660 Thread 0x000002372e9a6000 nmethod 7910 0x000002371c713990 code [0x000002371c713de0, 0x000002371c7153f8]

GC Heap History (10 events):
Event: 11.611 GC heap before
{Heap before GC invocations=29 (full 0):
 garbage-first heap   total 114688K, used 89572K [0x00000000c1c00000, 0x0000000100000000)
  region size 1024K, 36 young (36864K), 2 survivors (2048K)
 Metaspace       used 85326K, capacity 87374K, committed 87636K, reserved 1124352K
  class space    used 11062K, capacity 11867K, committed 11980K, reserved 1048576K
}
Event: 11.615 GC heap after
{Heap after GC invocations=30 (full 0):
 garbage-first heap   total 114688K, used 54936K [0x00000000c1c00000, 0x0000000100000000)
  region size 1024K, 2 young (2048K), 2 survivors (2048K)
 Metaspace       used 85326K, capacity 87374K, committed 87636K, reserved 1124352K
  class space    used 11062K, capacity 11867K, committed 11980K, reserved 1048576K
}
Event: 11.752 GC heap before
{Heap before GC invocations=31 (full 0):
 garbage-first heap   total 114688K, used 91800K [0x00000000c1c00000, 0x0000000100000000)
  region size 1024K, 37 young (37888K), 2 survivors (2048K)
 Metaspace       used 85440K, capacity 87502K, committed 87636K, reserved 1124352K
  class space    used 11119K, capacity 11931K, committed 11980K, reserved 1048576K
}
Event: 11.762 GC heap after
{Heap after GC invocations=32 (full 0):
 garbage-first heap   total 114688K, used 60576K [0x00000000c1c00000, 0x0000000100000000)
  region size 1024K, 5 young (5120K), 5 survivors (5120K)
 Metaspace       used 85440K, capacity 87502K, committed 87636K, reserved 1124352K
  class space    used 11119K, capacity 11931K, committed 11980K, reserved 1048576K
}
Event: 12.052 GC heap before
{Heap before GC invocations=32 (full 0):
 garbage-first heap   total 114688K, used 90272K [0x00000000c1c00000, 0x0000000100000000)
  region size 1024K, 34 young (34816K), 5 survivors (5120K)
 Metaspace       used 87275K, capacity 89430K, committed 89684K, reserved 1126400K
  class space    used 11321K, capacity 12137K, committed 12236K, reserved 1048576K
}
Event: 12.058 GC heap after
{Heap after GC invocations=33 (full 0):
 garbage-first heap   total 138240K, used 58691K [0x00000000c1c00000, 0x0000000100000000)
  region size 1024K, 2 young (2048K), 2 survivors (2048K)
 Metaspace       used 87275K, capacity 89430K, committed 89684K, reserved 1126400K
  class space    used 11321K, capacity 12137K, committed 12236K, reserved 1048576K
}
Event: 12.567 GC heap before
{Heap before GC invocations=34 (full 0):
 garbage-first heap   total 138240K, used 102723K [0x00000000c1c00000, 0x0000000100000000)
  region size 1024K, 45 young (46080K), 2 survivors (2048K)
 Metaspace       used 90368K, capacity 92640K, committed 92884K, reserved 1130496K
  class space    used 11710K, capacity 12583K, committed 12620K, reserved 1048576K
}
Event: 12.575 GC heap after
{Heap after GC invocations=35 (full 0):
 garbage-first heap   total 138240K, used 60049K [0x00000000c1c00000, 0x0000000100000000)
  region size 1024K, 3 young (3072K), 3 survivors (3072K)
 Metaspace       used 90368K, capacity 92640K, committed 92884K, reserved 1130496K
  class space    used 11710K, capacity 12583K, committed 12620K, reserved 1048576K
}
Event: 12.596 GC heap before
{Heap before GC invocations=35 (full 0):
 garbage-first heap   total 138240K, used 63121K [0x00000000c1c00000, 0x0000000100000000)
  region size 1024K, 6 young (6144K), 3 survivors (3072K)
 Metaspace       used 90423K, capacity 92710K, committed 92884K, reserved 1130496K
  class space    used 11713K, capacity 12584K, committed 12620K, reserved 1048576K
}
Event: 12.602 GC heap after
{Heap after GC invocations=36 (full 0):
 garbage-first heap   total 138240K, used 51951K [0x00000000c1c00000, 0x0000000100000000)
  region size 1024K, 1 young (1024K), 1 survivors (1024K)
 Metaspace       used 90423K, capacity 92710K, committed 92884K, reserved 1130496K
  class space    used 11713K, capacity 12584K, committed 12620K, reserved 1048576K
}

Deoptimization events (10 events):
Event: 12.238 Thread 0x0000023730a48000 Uncommon trap: reason=speculate_null_assert action=make_not_entrant pc=0x0000023722bbf060 method=org.springframework.util.ConcurrentReferenceHashMap$Segment.restructureIfNecessary(Z)V @ 41 c2
Event: 12.336 Thread 0x0000023730a48000 Uncommon trap: reason=unstable_if action=reinterpret pc=0x0000023722ce0f24 method=org.springframework.util.ConcurrentReferenceHashMap$Segment.findInChain(Lorg/springframework/util/ConcurrentReferenceHashMap$Reference;Ljava/lang/Object;I)Lorg/springframewo
Event: 12.481 Thread 0x0000023730a48000 Uncommon trap: reason=bimorphic_or_optimized_type_check action=maybe_recompile pc=0x0000023722e8c648 method=java.util.regex.Pattern$SliceI.match(Ljava/util/regex/Matcher;ILjava/lang/CharSequence;)Z @ 92 c2
Event: 12.481 Thread 0x0000023730a48000 Uncommon trap: reason=unstable_if action=reinterpret pc=0x0000023722f62694 method=java.util.regex.Pattern$GroupTail.match(Ljava/util/regex/Matcher;ILjava/lang/CharSequence;)Z @ 13 c2
Event: 12.505 Thread 0x0000023730a48000 Uncommon trap: reason=unstable_if action=reinterpret pc=0x0000023722ec641c method=java.util.ArrayDeque.addLast(Ljava/lang/Object;)V @ 42 c2
Event: 12.506 Thread 0x0000023730a48000 Uncommon trap: reason=unstable_if action=reinterpret pc=0x0000023722bccb00 method=java.util.concurrent.ConcurrentHashMap.get(Ljava/lang/Object;)Ljava/lang/Object; @ 86 c2
Event: 12.514 Thread 0x0000023730a48000 Uncommon trap: reason=class_check action=maybe_recompile pc=0x0000023722d42ef0 method=org.springframework.util.ConcurrentReferenceHashMap$Segment.findInChain(Lorg/springframework/util/ConcurrentReferenceHashMap$Reference;Ljava/lang/Object;I)Lorg/springfra
Event: 12.514 Thread 0x0000023730a48000 Uncommon trap: reason=class_check action=maybe_recompile pc=0x0000023722d41144 method=org.springframework.util.ConcurrentReferenceHashMap$Segment.findInChain(Lorg/springframework/util/ConcurrentReferenceHashMap$Reference;Ljava/lang/Object;I)Lorg/springfra
Event: 12.525 Thread 0x0000023730a48000 Uncommon trap: reason=class_check action=maybe_recompile pc=0x0000023722d42ef0 method=org.springframework.util.ConcurrentReferenceHashMap$Segment.findInChain(Lorg/springframework/util/ConcurrentReferenceHashMap$Reference;Ljava/lang/Object;I)Lorg/springfra
Event: 12.525 Thread 0x0000023730a48000 Uncommon trap: reason=class_check action=maybe_recompile pc=0x0000023722d41f10 method=org.springframework.util.ConcurrentReferenceHashMap$Segment.findInChain(Lorg/springframework/util/ConcurrentReferenceHashMap$Reference;Ljava/lang/Object;I)Lorg/springfra

Classes redefined (0 events):
No events

Internal exceptions (10 events):
Event: 12.485 Thread 0x0000023730a48000 Exception <a 'java/lang/reflect/InvocationTargetException'{0x00000000c87a8258}> (0x00000000c87a8258) thrown at [./open/src/hotspot/share/runtime/reflection.cpp, line 1242]
Event: 12.508 Thread 0x0000023730a48000 Exception <a 'java/lang/ClassNotFoundException'{0x00000000c8555178}: java/lang/ObjectCustomizer> (0x00000000c8555178) thrown at [./open/src/hotspot/share/classfile/systemDictionary.cpp, line 226]
Event: 12.509 Thread 0x0000023730a48000 Exception <a 'java/lang/ClassNotFoundException'{0x00000000c8574ff0}: com/swiftmessage/swiftmessage/entity/TblIncomingRecordCustomizer> (0x00000000c8574ff0) thrown at [./open/src/hotspot/share/classfile/systemDictionary.cpp, line 226]
Event: 12.524 Thread 0x0000023730a48000 Exception <a 'java/lang/ClassNotFoundException'{0x00000000c84daa80}: java/lang/ObjectCustomizer> (0x00000000c84daa80) thrown at [./open/src/hotspot/share/classfile/systemDictionary.cpp, line 226]
Event: 12.524 Thread 0x0000023730a48000 Exception <a 'java/lang/ClassNotFoundException'{0x00000000c84fb0d0}: com/swiftmessage/swiftmessage/entity/SwiftTransactionCustomizer> (0x00000000c84fb0d0) thrown at [./open/src/hotspot/share/classfile/systemDictionary.cpp, line 226]
Event: 12.545 Thread 0x0000023730a48000 Exception <a 'java/lang/reflect/InvocationTargetException'{0x00000000c7dd36c8}> (0x00000000c7dd36c8) thrown at [./open/src/hotspot/share/runtime/reflection.cpp, line 1242]
Event: 12.593 Thread 0x0000023730a48000 Exception <a 'java/lang/ClassNotFoundException'{0x00000000ca0ab098}: java/lang/ObjectCustomizer> (0x00000000ca0ab098) thrown at [./open/src/hotspot/share/classfile/systemDictionary.cpp, line 226]
Event: 12.594 Thread 0x0000023730a48000 Exception <a 'java/lang/ClassNotFoundException'{0x00000000ca0cb4d8}: com/swiftmessage/swiftmessage/entity/TblCountryOfOriginCustomizer> (0x00000000ca0cb4d8) thrown at [./open/src/hotspot/share/classfile/systemDictionary.cpp, line 226]
Event: 12.627 Thread 0x0000023730a48000 Exception <a 'java/lang/ClassNotFoundException'{0x00000000c9d07340}: java/lang/ObjectCustomizer> (0x00000000c9d07340) thrown at [./open/src/hotspot/share/classfile/systemDictionary.cpp, line 226]
Event: 12.627 Thread 0x0000023730a48000 Exception <a 'java/lang/ClassNotFoundException'{0x00000000c9d26c58}: com/swiftmessage/swiftmessage/dto/TransactionReportCustomizer> (0x00000000c9d26c58) thrown at [./open/src/hotspot/share/classfile/systemDictionary.cpp, line 226]

Events (10 events):
Event: 12.661 Thread 0x0000023730a48000 DEOPT PACKING pc=0x000002371bad39bc sp=0x0000007476bfb270
Event: 12.661 Thread 0x0000023730a48000 DEOPT UNPACKING pc=0x000002371afeb8de sp=0x0000007476bfa718 mode 1
Event: 12.661 Thread 0x0000023730a48000 DEOPT PACKING pc=0x000002371c55256c sp=0x0000007476bfb2d0
Event: 12.661 Thread 0x0000023730a48000 DEOPT UNPACKING pc=0x000002371afeb8de sp=0x0000007476bfa820 mode 1
Event: 12.661 Thread 0x0000023730a48000 DEOPT PACKING pc=0x000002371bad2ee1 sp=0x0000007476bfb1f0
Event: 12.661 Thread 0x0000023730a48000 DEOPT UNPACKING pc=0x000002371afeb8de sp=0x0000007476bfa6b8 mode 1
Event: 12.661 Thread 0x0000023730a48000 DEOPT PACKING pc=0x000002371bad39bc sp=0x0000007476bfb270
Event: 12.661 Thread 0x0000023730a48000 DEOPT UNPACKING pc=0x000002371afeb8de sp=0x0000007476bfa718 mode 1
Event: 12.661 Thread 0x0000023730a48000 DEOPT PACKING pc=0x000002371c55256c sp=0x0000007476bfb2d0
Event: 12.661 Thread 0x0000023730a48000 DEOPT UNPACKING pc=0x000002371afeb8de sp=0x0000007476bfa820 mode 1


Dynamic libraries:
0x00007ff6f35f0000 - 0x00007ff6f35ff000 	C:\Program Files\Java\jdk-11.0.16\bin\java.exe
0x00007ffb49010000 - 0x00007ffb491e1000 	C:\windows\SYSTEM32\ntdll.dll
0x00007ffb46830000 - 0x00007ffb468db000 	C:\windows\System32\KERNEL32.DLL
0x00007ffb45ae0000 - 0x00007ffb45cfd000 	C:\windows\System32\KERNELBASE.dll
0x00007ffb459e0000 - 0x00007ffb45ad5000 	C:\windows\System32\ucrtbase.dll
0x00007ffb43240000 - 0x00007ffb43258000 	C:\Program Files\Java\jdk-11.0.16\bin\jli.dll
0x00007ffb43260000 - 0x00007ffb43275000 	C:\Program Files\Java\jdk-11.0.16\bin\VCRUNTIME140.dll
0x00007ffb468e0000 - 0x00007ffb46982000 	C:\windows\System32\ADVAPI32.dll
0x00007ffb47080000 - 0x00007ffb4711e000 	C:\windows\System32\msvcrt.dll
0x00007ffb48e50000 - 0x00007ffb48ea9000 	C:\windows\System32\sechost.dll
0x00007ffb48eb0000 - 0x00007ffb48fd1000 	C:\windows\System32\RPCRT4.dll
0x00007ffb48ca0000 - 0x00007ffb48e05000 	C:\windows\System32\USER32.dll
0x00007ffb463e0000 - 0x00007ffb463fe000 	C:\windows\System32\win32u.dll
0x00007ffb3ad30000 - 0x00007ffb3afaa000 	C:\windows\WinSxS\amd64_microsoft.windows.common-controls_6595b64144ccf1df_6.0.14393.953_none_42151e83c686086b\COMCTL32.dll
0x00007ffb48e10000 - 0x00007ffb48e44000 	C:\windows\System32\GDI32.dll
0x00007ffb472f0000 - 0x00007ffb475b8000 	C:\windows\System32\combase.dll
0x00007ffb455e0000 - 0x00007ffb45762000 	C:\windows\System32\gdi32full.dll
0x00007ffb46400000 - 0x00007ffb4646a000 	C:\windows\System32\bcryptPrimitives.dll
0x00007ffb37fd0000 - 0x00007ffb37fda000 	C:\windows\SYSTEM32\VERSION.dll
0x00007ffb46580000 - 0x00007ffb465ae000 	C:\windows\System32\IMM32.DLL
0x00007ffb23650000 - 0x00007ffb236eb000 	C:\Program Files\Java\jdk-11.0.16\bin\msvcp140.dll
0x00007ffb09cb0000 - 0x00007ffb0a7c8000 	C:\Program Files\Java\jdk-11.0.16\bin\server\jvm.dll
0x00007ffb475c0000 - 0x00007ffb475c8000 	C:\windows\System32\PSAPI.DLL
0x00007ffb38bd0000 - 0x00007ffb38bd9000 	C:\windows\SYSTEM32\WSOCK32.dll
0x00007ffb43190000 - 0x00007ffb431b3000 	C:\windows\SYSTEM32\WINMM.dll
0x00007ffb47120000 - 0x00007ffb4718a000 	C:\windows\System32\WS2_32.dll
0x00007ffb43130000 - 0x00007ffb4315b000 	C:\windows\SYSTEM32\WINMMBASE.dll
0x00007ffb46520000 - 0x00007ffb46562000 	C:\windows\System32\cfgmgr32.dll
0x00007ffb454c0000 - 0x00007ffb454cf000 	C:\windows\System32\kernel.appcore.dll
0x00007ffb431e0000 - 0x00007ffb431f0000 	C:\Program Files\Java\jdk-11.0.16\bin\verify.dll
0x00007ffb2e890000 - 0x00007ffb2ea22000 	C:\windows\SYSTEM32\DBGHELP.DLL
0x00007ffb3b140000 - 0x00007ffb3b169000 	C:\windows\SYSTEM32\dbgcore.DLL
0x00007ffb42c60000 - 0x00007ffb42c88000 	C:\Program Files\Java\jdk-11.0.16\bin\java.dll
0x00007ffb42bd0000 - 0x00007ffb42bda000 	C:\Program Files\Java\jdk-11.0.16\bin\jimage.dll
0x00007ffb3e620000 - 0x00007ffb3e658000 	C:\Program Files\Java\jdk-11.0.16\bin\jdwp.dll
0x00007ffb3cff0000 - 0x00007ffb3d006000 	C:\Program Files\Java\jdk-11.0.16\bin\zip.dll
0x00007ffb47630000 - 0x00007ffb48b38000 	C:\windows\System32\SHELL32.dll
0x00007ffb45d00000 - 0x00007ffb463da000 	C:\windows\System32\windows.storage.dll
0x00007ffb45470000 - 0x00007ffb454bc000 	C:\windows\System32\powrprof.dll
0x00007ffb46b30000 - 0x00007ffb46b82000 	C:\windows\System32\shlwapi.dll
0x00007ffb45530000 - 0x00007ffb455d9000 	C:\windows\System32\shcore.dll
0x00007ffb45440000 - 0x00007ffb45454000 	C:\windows\System32\profapi.dll
0x00007ffb3e770000 - 0x00007ffb3e77a000 	C:\Program Files\Java\jdk-11.0.16\bin\dt_socket.dll
0x00007ffb44d70000 - 0x00007ffb44dcc000 	C:\windows\System32\mswsock.dll
0x00007ffb44b30000 - 0x00007ffb44bd1000 	C:\windows\SYSTEM32\DNSAPI.dll
0x00007ffb46570000 - 0x00007ffb46578000 	C:\windows\System32\NSI.dll
0x00007ffb44af0000 - 0x00007ffb44b28000 	C:\windows\SYSTEM32\IPHLPAPI.DLL
0x00007ffb3def0000 - 0x00007ffb3df5a000 	C:\windows\System32\fwpuclnt.dll
0x00007ffb45380000 - 0x00007ffb453ab000 	C:\windows\SYSTEM32\bcrypt.dll
0x00007ffb38d60000 - 0x00007ffb38d6a000 	C:\Windows\System32\rasadhlp.dll
0x00007ffb3cfd0000 - 0x00007ffb3cfe9000 	C:\Program Files\Java\jdk-11.0.16\bin\net.dll
0x00007ffb41760000 - 0x00007ffb4182d000 	C:\windows\SYSTEM32\WINHTTP.dll
0x00007ffb3cfb0000 - 0x00007ffb3cfc2000 	C:\Program Files\Java\jdk-11.0.16\bin\nio.dll
0x00007ffb3cfa0000 - 0x00007ffb3cfa9000 	C:\Program Files\Java\jdk-11.0.16\bin\management.dll
0x00007ffb3cf20000 - 0x00007ffb3cf2b000 	C:\Program Files\Java\jdk-11.0.16\bin\management_ext.dll
0x00007ffb44f20000 - 0x00007ffb44f37000 	C:\windows\SYSTEM32\CRYPTSP.dll
0x00007ffb44970000 - 0x00007ffb449a3000 	C:\windows\system32\rsaenh.dll
0x00007ffb44c00000 - 0x00007ffb44c1f000 	C:\windows\SYSTEM32\USERENV.dll
0x00007ffb44f10000 - 0x00007ffb44f1b000 	C:\windows\SYSTEM32\CRYPTBASE.dll
0x00007ffb3eaa0000 - 0x00007ffb3eab6000 	C:\windows\SYSTEM32\dhcpcsvc6.DLL
0x00007ffb3ea80000 - 0x00007ffb3ea9a000 	C:\windows\SYSTEM32\dhcpcsvc.DLL
0x00007ffb2b2f0000 - 0x00007ffb2b306000 	C:\windows\system32\napinsp.dll
0x00007ffb2b2d0000 - 0x00007ffb2b2ea000 	C:\windows\system32\pnrpnsp.dll
0x00007ffb43840000 - 0x00007ffb43858000 	C:\windows\system32\NLAapi.dll
0x00007ffb2b2b0000 - 0x00007ffb2b2be000 	C:\windows\System32\winrnr.dll
0x00007ffb3cf00000 - 0x00007ffb3cf0d000 	C:\Program Files\Java\jdk-11.0.16\bin\sunmscapi.dll
0x00007ffb45770000 - 0x00007ffb45939000 	C:\windows\System32\CRYPT32.dll
0x00007ffb45460000 - 0x00007ffb45470000 	C:\windows\System32\MSASN1.dll
0x00007ffb44ff0000 - 0x00007ffb45016000 	C:\windows\SYSTEM32\ncrypt.dll
0x00007ffb44fb0000 - 0x00007ffb44feb000 	C:\windows\SYSTEM32\NTASN1.dll
0x00007ffb3b470000 - 0x00007ffb3b495000 	C:\Program Files\Java\jdk-11.0.16\bin\sunec.dll

dbghelp: loaded successfully - version: 4.0.5 - missing functions: none
symbol engine: initialized successfully - sym options: 0x614 - pdb path: .;C:\Program Files\Java\jdk-11.0.16\bin;C:\windows\SYSTEM32;C:\windows\WinSxS\amd64_microsoft.windows.common-controls_6595b64144ccf1df_6.0.14393.953_none_42151e83c686086b;C:\Program Files\Java\jdk-11.0.16\bin\server

VM Arguments:
jvm_args: -agentlib:jdwp=transport=dt_socket,server=n,suspend=y,address=localhost:54785 -Dspring.jmx.enabled=true -Dmanagement.endpoints.jmx.exposure.include=* -Dspring.application.admin.enabled=true -Dspring.boot.project.name=swiftmessage -Djava.rmi.server.hostname=localhost 
java_command: com.swiftmessage.swiftmessage.SwiftmessageApplication
java_class_path (initial): F:\swiftmessage\target\classes;C:\Users\Administrator\.m2\repository\org\springframework\boot\spring-boot-starter-webflux\2.6.8\spring-boot-starter-webflux-2.6.8.jar;C:\Users\Administrator\.m2\repository\org\springframework\boot\spring-boot-starter\2.6.8\spring-boot-starter-2.6.8.jar;C:\Users\Administrator\.m2\repository\org\springframework\boot\spring-boot-starter-logging\2.6.8\spring-boot-starter-logging-2.6.8.jar;C:\Users\Administrator\.m2\repository\ch\qos\logback\logback-classic\1.2.11\logback-classic-1.2.11.jar;C:\Users\Administrator\.m2\repository\ch\qos\logback\logback-core\1.2.11\logback-core-1.2.11.jar;C:\Users\Administrator\.m2\repository\org\apache\logging\log4j\log4j-to-slf4j\2.17.2\log4j-to-slf4j-2.17.2.jar;C:\Users\Administrator\.m2\repository\org\apache\logging\log4j\log4j-api\2.17.2\log4j-api-2.17.2.jar;C:\Users\Administrator\.m2\repository\org\slf4j\jul-to-slf4j\1.7.36\jul-to-slf4j-1.7.36.jar;C:\Users\Administrator\.m2\repository\jakarta\annotation\jakarta.annotation-api\1.3.5\jakarta.annotation-api-1.3.5.jar;C:\Users\Administrator\.m2\repository\org\springframework\spring-core\5.3.20\spring-core-5.3.20.jar;C:\Users\Administrator\.m2\repository\org\springframework\spring-jcl\5.3.20\spring-jcl-5.3.20.jar;C:\Users\Administrator\.m2\repository\org\yaml\snakeyaml\1.29\snakeyaml-1.29.jar;C:\Users\Administrator\.m2\repository\org\springframework\boot\spring-boot-starter-json\2.6.8\spring-boot-starter-json-2.6.8.jar;C:\Users\Administrator\.m2\repository\com\fasterxml\jackson\datatype\jackson-datatype-jdk8\2.13.3\jackson-datatype-jdk8-2.13.3.jar;C:\Users\Administrator\.m2\repository\com\fasterxml\jackson\datatype\jackson-datatype-jsr310\2.13.3\jackson-datatype-jsr310-2.13.3.jar;C:\Users\Administrator\.m2\repository\com\fasterxml\jackson\module\jackson-module-parameter-names\2.13.3\jackson-module-parameter-names-2.13.3.jar;C:\Users\Administrator\.m2\repository\org\springframework\boot\spring-boot-starter-reactor-netty\2.6.8\spri
Launcher Type: SUN_STANDARD

[Global flags]
     intx CICompilerCount                          = 3                                         {product} {ergonomic}
     uint ConcGCThreads                            = 1                                         {product} {ergonomic}
     uint G1ConcRefinementThreads                  = 4                                         {product} {ergonomic}
   size_t G1HeapRegionSize                         = 1048576                                   {product} {ergonomic}
    uintx GCDrainStackTargetSize                   = 64                                        {product} {ergonomic}
   size_t InitialHeapSize                          = 67108864                                  {product} {ergonomic}
   size_t MarkStackSize                            = 4194304                                   {product} {ergonomic}
   size_t MaxHeapSize                              = 1044381696                                {product} {ergonomic}
   size_t MaxNewSize                               = 625999872                                 {product} {ergonomic}
   size_t MinHeapDeltaBytes                        = 1048576                                   {product} {ergonomic}
    uintx NonNMethodCodeHeapSize                   = 5830732                                {pd product} {ergonomic}
    uintx NonProfiledCodeHeapSize                  = 122913754                              {pd product} {ergonomic}
    uintx ProfiledCodeHeapSize                     = 122913754                              {pd product} {ergonomic}
    uintx ReservedCodeCacheSize                    = 251658240                              {pd product} {ergonomic}
     bool SegmentedCodeCache                       = true                                      {product} {ergonomic}
     bool UseCompressedClassPointers               = true                                 {lp64_product} {ergonomic}
     bool UseCompressedOops                        = true                                 {lp64_product} {ergonomic}
     bool UseG1GC                                  = true                                      {product} {ergonomic}
     bool UseLargePagesIndividualAllocation        = false                                  {pd product} {ergonomic}

Logging:
Log output configuration:
 #0: stdout all=warning uptime,level,tags
 #1: stderr all=off uptime,level,tags

Environment Variables:
JAVA_HOME=C:\Program Files\Java\jdk-11.0.16
PATH=C:\Program Files (x86)\Common Files\Oracle\Java\javapath;C:\Program Files\Common Files\Oracle\Java\javapath;C:\apache-maven-3.9.0\bin;C:\Program Files\Java\jdk-11.0.16\bin;C:\oraclexe\app\oracle\product\11.2.0\server\bin;C:\app\Danielad\product\12.2.0\dbhome_1\bin;C:\Program Files (x86)\Intel\iCLS Client\;C:\Program Files\Intel\iCLS Client\;C:\windows\system32;C:\windows;C:\windows\System32\Wbem;C:\windows\System32\WindowsPowerShell\v1.0\;C:\Program Files (x86)\Intel\Intel(R) Management Engine Components\DAL;C:\Program Files\Intel\Intel(R) Management Engine Components\DAL;C:\Program Files (x86)\Intel\Intel(R) Management Engine Components\IPT;C:\Program Files\Intel\Intel(R) Management Engine Components\IPT;C:\Program Files\Git\cmd;C:\Program Files\Oracle\VirtualBox;C:\Program Files (x86)\WiX Toolset v3.11\bin;C:\Program Files (x86)\Inno Setup 5;C:\Program Files (x86)\JexePack;C:\Program Files\Java\jre1.8.0_151\bin;C:\apache-maven-3.8.6\bin;C:\Users\Administrator\AppData\Local\Microsoft\WindowsApps;;C:\Users\Administrator\AppData\Local\Programs\Microsoft VS Code\bin
USERNAME=Administrator
OS=Windows_NT
PROCESSOR_IDENTIFIER=Intel64 Family 6 Model 94 Stepping 3, GenuineIntel



---------------  S Y S T E M  ---------------

OS: Windows 10 , 64 bit Build 14393 (10.0.14393.0)

CPU:total 4 (initial active 4) (4 cores per cpu, 1 threads per core) family 6 model 94 stepping 3 microcode 0x8a, cmov, cx8, fxsr, mmx, sse, sse2, sse3, ssse3, sse4.1, sse4.2, popcnt, avx, avx2, aes, clmul, erms, rtm, 3dnowpref, lzcnt, tsc, tscinvbit, bmi1, bmi2, adx, fma

Memory: 4k page, system-wide physical 3976M (325M free)
TotalPageFile size 16264M (AvailPageFile size 6M)
current process WorkingSet (physical memory assigned to process): 412M, peak: 418M
current process commit charge ("private bytes"): 450M, peak: 452M

vm_info: Java HotSpot(TM) 64-Bit Server VM (11.0.16+11-LTS-199) for windows-amd64 JRE (11.0.16+11-LTS-199), built on Jun 28 2022 08:23:17 by "mach5one" with MS VC++ 15.9 (VS2017)

END.
